[ 2017-05-25T06:54:18+08:00 ] ::1 /api/index.php?s=/Admin/Vorder/vorderlist
INFO: [ app_begin ] --START--
INFO: Run Behavior\ReadHtmlCache [ RunTime:0.000742s ]
INFO: [ app_begin ] --END-- [ RunTime:0.000809s ]
SQL: SHOW COLUMNS FROM `js_teac` [ RunTime:0.006642s ]
INFO: [ view_parse ] --START--
INFO: [ template_filter ] --START--
INFO: Run Behavior\ContentReplace [ RunTime:0.000090s ]
INFO: [ template_filter ] --END-- [ RunTime:0.000150s ]
NOTIC: [8] Undefined variable: request /Applications/XAMPP/xamppfiles/htdocs/api/Application/Runtime/Cache/Admin/70c22086c0423a0e1326bcc1c2d8902c.php 第 39 行.
NOTIC: [8] Undefined variable: list /Applications/XAMPP/xamppfiles/htdocs/api/Application/Runtime/Cache/Admin/70c22086c0423a0e1326bcc1c2d8902c.php 第 64 行.
NOTIC: [8] Undefined variable: page /Applications/XAMPP/xamppfiles/htdocs/api/Application/Runtime/Cache/Admin/70c22086c0423a0e1326bcc1c2d8902c.php 第 96 行.
INFO: Run Behavior\ParseTemplate [ RunTime:0.016304s ]
INFO: [ view_parse ] --END-- [ RunTime:0.016353s ]
INFO: [ view_filter ] --START--
INFO: Run Behavior\WriteHtmlCache [ RunTime:0.000770s ]
INFO: [ view_filter ] --END-- [ RunTime:0.000818s ]
INFO: [ app_end ] --START--
INFO: Run Behavior\ShowPageTrace [ RunTime:0.000810s ]
INFO: [ app_end ] --END-- [ RunTime:0.000854s ]

[ 2017-05-25T06:54:18+08:00 ] ::1 /api/index.php?s=/Admin/Vorder/vorderlist
INFO: [ app_begin ] --START--
INFO: Run Behavior\ReadHtmlCache [ RunTime:0.000365s ]
INFO: [ app_begin ] --END-- [ RunTime:0.000407s ]
SQL: SHOW COLUMNS FROM `js_teac` [ RunTime:0.002485s ]
INFO: [ view_parse ] --START--
INFO: [ template_filter ] --START--
INFO: Run Behavior\ContentReplace [ RunTime:0.000056s ]
INFO: [ template_filter ] --END-- [ RunTime:0.000086s ]
NOTIC: [8] Undefined variable: request /Applications/XAMPP/xamppfiles/htdocs/api/Application/Runtime/Cache/Admin/70c22086c0423a0e1326bcc1c2d8902c.php 第 39 行.
NOTIC: [8] Undefined variable: list /Applications/XAMPP/xamppfiles/htdocs/api/Application/Runtime/Cache/Admin/70c22086c0423a0e1326bcc1c2d8902c.php 第 64 行.
NOTIC: [8] Undefined variable: page /Applications/XAMPP/xamppfiles/htdocs/api/Application/Runtime/Cache/Admin/70c22086c0423a0e1326bcc1c2d8902c.php 第 96 行.
INFO: Run Behavior\ParseTemplate [ RunTime:0.005549s ]
INFO: [ view_parse ] --END-- [ RunTime:0.005718s ]
INFO: [ view_filter ] --START--
INFO: Run Behavior\WriteHtmlCache [ RunTime:0.000089s ]
INFO: [ view_filter ] --END-- [ RunTime:0.000105s ]
INFO: [ app_end ] --START--
INFO: Run Behavior\ShowPageTrace [ RunTime:0.000304s ]
INFO: [ app_end ] --END-- [ RunTime:0.000324s ]

[ 2017-05-25T11:10:10+08:00 ] ::1 /api/index.php?s=/Admin/Vorder/vorderlist
INFO: [ app_begin ] --START--
INFO: Run Behavior\ReadHtmlCache [ RunTime:0.001927s ]
INFO: [ app_begin ] --END-- [ RunTime:0.002213s ]
SQL: SHOW COLUMNS FROM `js_teac` [ RunTime:0.008210s ]
INFO: [ view_parse ] --START--
INFO: [ template_filter ] --START--
INFO: Run Behavior\ContentReplace [ RunTime:0.000110s ]
INFO: [ template_filter ] --END-- [ RunTime:0.000164s ]
NOTIC: [8] Undefined variable: request /Applications/XAMPP/xamppfiles/htdocs/api/Application/Runtime/Cache/Admin/70c22086c0423a0e1326bcc1c2d8902c.php 第 38 行.
NOTIC: [8] Undefined variable: list /Applications/XAMPP/xamppfiles/htdocs/api/Application/Runtime/Cache/Admin/70c22086c0423a0e1326bcc1c2d8902c.php 第 63 行.
NOTIC: [8] Undefined variable: page /Applications/XAMPP/xamppfiles/htdocs/api/Application/Runtime/Cache/Admin/70c22086c0423a0e1326bcc1c2d8902c.php 第 95 行.
INFO: Run Behavior\ParseTemplate [ RunTime:0.021325s ]
INFO: [ view_parse ] --END-- [ RunTime:0.021378s ]
INFO: [ view_filter ] --START--
INFO: Run Behavior\WriteHtmlCache [ RunTime:0.001406s ]
INFO: [ view_filter ] --END-- [ RunTime:0.001469s ]
INFO: [ app_end ] --START--
INFO: Run Behavior\ShowPageTrace [ RunTime:0.001949s ]
INFO: [ app_end ] --END-- [ RunTime:0.002015s ]

